# JRE version: OpenJDK Runtime Environment Temurin-17.0.10+7 (17.0.10+7) (build 17.0.10+7)
# Java VM: OpenJDK 64-Bit Server VM Temurin-17.0.10+7 (17.0.10+7, mixed mode, tiered, compressed oops, compressed class ptrs, parallel gc, windows-amd64)
GC Precious Log:
 CPUs: 8 total, 8 available
 Memory: 7975M
 Large Page Support: Disabled
 NUMA Support: Disabled
 Compressed Oops: Enabled (32-bit)
 Alignments: Space 512K, Generation 512K, Heap 2M
 Heap Min Capacity: 100M
 Heap Initial Capacity: 100M
 Heap Max Capacity: 1G
 Pre-touch: Disabled
 Parallel Workers: 8
Heap:
 PSYoungGen      total 23552K, used 19344K [0x00000000eab00000, 0x00000000ec580000, 0x0000000100000000)
  eden space 21504K, 80% used [0x00000000eab00000,0x00000000ebbfb170,0x00000000ec000000)
  from space 2048K, 95% used [0x00000000ec280000,0x00000000ec469078,0x00000000ec480000)
  to   space 2560K, 0% used [0x00000000ec000000,0x00000000ec000000,0x00000000ec280000)
 ParOldGen       total 68608K, used 35681K [0x00000000c0000000, 0x00000000c4300000, 0x00000000eab00000)
  object space 68608K, 52% used [0x00000000c0000000,0x00000000c22d8728,0x00000000c4300000)
 Metaspace       used 64032K, committed 65216K, reserved 1114112K
  class space    used 6869K, committed 7360K, reserved 1048576K
GC Heap History (20 events):
Event: 3.509 GC heap before
{Heap before GC invocations=24 (full 2):
 PSYoungGen      total 24064K, used 24032K [0x00000000eab00000, 0x00000000ec980000, 0x0000000100000000)
  eden space 22016K, 100% used [0x00000000eab00000,0x00000000ec080000,0x00000000ec080000)
  from space 2048K, 98% used [0x00000000ec080000,0x00000000ec278010,0x00000000ec280000)
  to   space 4608K, 0% used [0x00000000ec500000,0x00000000ec500000,0x00000000ec980000)
 ParOldGen       total 68608K, used 29657K [0x00000000c0000000, 0x00000000c4300000, 0x00000000eab00000)
  object space 68608K, 43% used [0x00000000c0000000,0x00000000c1cf6710,0x00000000c4300000)
 Metaspace       used 51408K, committed 52416K, reserved 1114112K
  class space    used 5591K, committed 6016K, reserved 1048576K
}
Event: 3.512 GC heap after
{Heap after GC invocations=24 (full 2):
 PSYoungGen      total 24064K, used 1888K [0x00000000eab00000, 0x00000000ec700000, 0x0000000100000000)
  eden space 22016K, 0% used [0x00000000eab00000,0x00000000eab00000,0x00000000ec080000)
  from space 2048K, 92% used [0x00000000ec500000,0x00000000ec6d8000,0x00000000ec700000)
  to   space 3072K, 0% used [0x00000000ec100000,0x00000000ec100000,0x00000000ec400000)
 ParOldGen       total 68608K, used 31705K [0x00000000c0000000, 0x00000000c4300000, 0x00000000eab00000)
  object space 68608K, 46% used [0x00000000c0000000,0x00000000c1ef6720,0x00000000c4300000)
 Metaspace       used 51408K, committed 52416K, reserved 1114112K
  class space    used 5591K, committed 6016K, reserved 1048576K
}
Event: 3.858 GC heap before
{Heap before GC invocations=25 (full 2):
 PSYoungGen      total 24064K, used 23904K [0x00000000eab00000, 0x00000000ec700000, 0x0000000100000000)
  eden space 22016K, 100% used [0x00000000eab00000,0x00000000ec080000,0x00000000ec080000)
  from space 2048K, 92% used [0x00000000ec500000,0x00000000ec6d8000,0x00000000ec700000)
  to   space 3072K, 0% used [0x00000000ec100000,0x00000000ec100000,0x00000000ec400000)
 ParOldGen       total 68608K, used 31705K [0x00000000c0000000, 0x00000000c4300000, 0x00000000eab00000)
  object space 68608K, 46% used [0x00000000c0000000,0x00000000c1ef6720,0x00000000c4300000)
 Metaspace       used 52496K, committed 53440K, reserved 1114112K
  class space    used 5681K, committed 6080K, reserved 1048576K
}
Event: 3.861 GC heap after
{Heap after GC invocations=25 (full 2):
 PSYoungGen      total 24064K, used 1837K [0x00000000eab00000, 0x00000000ec580000, 0x0000000100000000)
  eden space 22016K, 0% used [0x00000000eab00000,0x00000000eab00000,0x00000000ec080000)
  from space 2048K, 89% used [0x00000000ec100000,0x00000000ec2cb590,0x00000000ec300000)
  to   space 2048K, 0% used [0x00000000ec380000,0x00000000ec380000,0x00000000ec580000)
 ParOldGen       total 68608K, used 33492K [0x00000000c0000000, 0x00000000c4300000, 0x00000000eab00000)
  object space 68608K, 48% used [0x00000000c0000000,0x00000000c20b52f8,0x00000000c4300000)
 Metaspace       used 52496K, committed 53440K, reserved 1114112K
  class space    used 5681K, committed 6080K, reserved 1048576K
}
Event: 4.093 GC heap before
{Heap before GC invocations=26 (full 2):
 PSYoungGen      total 24064K, used 23853K [0x00000000eab00000, 0x00000000ec580000, 0x0000000100000000)
  eden space 22016K, 100% used [0x00000000eab00000,0x00000000ec080000,0x00000000ec080000)
  from space 2048K, 89% used [0x00000000ec100000,0x00000000ec2cb590,0x00000000ec300000)
  to   space 2048K, 0% used [0x00000000ec380000,0x00000000ec380000,0x00000000ec580000)
 ParOldGen       total 68608K, used 33492K [0x00000000c0000000, 0x00000000c4300000, 0x00000000eab00000)
  object space 68608K, 48% used [0x00000000c0000000,0x00000000c20b52f8,0x00000000c4300000)
 Metaspace       used 54187K, committed 55232K, reserved 1114112K
  class space    used 5898K, committed 6336K, reserved 1048576K
}
Event: 4.094 GC heap after
{Heap after GC invocations=26 (full 2):
 PSYoungGen      total 23040K, used 846K [0x00000000eab00000, 0x00000000ec480000, 0x0000000100000000)
  eden space 22016K, 0% used [0x00000000eab00000,0x00000000eab00000,0x00000000ec080000)
  from space 1024K, 82% used [0x00000000ec380000,0x00000000ec453920,0x00000000ec480000)
  to   space 1536K, 0% used [0x00000000ec180000,0x00000000ec180000,0x00000000ec300000)
 ParOldGen       total 68608K, used 34740K [0x00000000c0000000, 0x00000000c4300000, 0x00000000eab00000)
  object space 68608K, 50% used [0x00000000c0000000,0x00000000c21ed2f8,0x00000000c4300000)
 Metaspace       used 54187K, committed 55232K, reserved 1114112K
  class space    used 5898K, committed 6336K, reserved 1048576K
}
Event: 4.304 GC heap before
{Heap before GC invocations=27 (full 2):
 PSYoungGen      total 23040K, used 22862K [0x00000000eab00000, 0x00000000ec480000, 0x0000000100000000)
  eden space 22016K, 100% used [0x00000000eab00000,0x00000000ec080000,0x00000000ec080000)
  from space 1024K, 82% used [0x00000000ec380000,0x00000000ec453920,0x00000000ec480000)
  to   space 1536K, 0% used [0x00000000ec180000,0x00000000ec180000,0x00000000ec300000)
 ParOldGen       total 68608K, used 34740K [0x00000000c0000000, 0x00000000c4300000, 0x00000000eab00000)
  object space 68608K, 50% used [0x00000000c0000000,0x00000000c21ed2f8,0x00000000c4300000)
 Metaspace       used 55618K, committed 56576K, reserved 1114112K
  class space    used 6025K, committed 6400K, reserved 1048576K
}
Event: 4.305 GC heap after
{Heap after GC invocations=27 (full 2):
 PSYoungGen      total 23552K, used 1514K [0x00000000eab00000, 0x00000000ec580000, 0x0000000100000000)
  eden space 22016K, 0% used [0x00000000eab00000,0x00000000eab00000,0x00000000ec080000)
  from space 1536K, 98% used [0x00000000ec180000,0x00000000ec2faae0,0x00000000ec300000)
  to   space 2560K, 0% used [0x00000000ec300000,0x00000000ec300000,0x00000000ec580000)
 ParOldGen       total 68608K, used 35433K [0x00000000c0000000, 0x00000000c4300000, 0x00000000eab00000)
  object space 68608K, 51% used [0x00000000c0000000,0x00000000c229a480,0x00000000c4300000)
 Metaspace       used 55618K, committed 56576K, reserved 1114112K
  class space    used 6025K, committed 6400K, reserved 1048576K
}
Event: 4.363 GC heap before
{Heap before GC invocations=28 (full 2):
 PSYoungGen      total 23552K, used 23499K [0x00000000eab00000, 0x00000000ec580000, 0x0000000100000000)
  eden space 22016K, 99% used [0x00000000eab00000,0x00000000ec078130,0x00000000ec080000)
  from space 1536K, 98% used [0x00000000ec180000,0x00000000ec2faae0,0x00000000ec300000)
  to   space 2560K, 0% used [0x00000000ec300000,0x00000000ec300000,0x00000000ec580000)
 ParOldGen       total 68608K, used 35433K [0x00000000c0000000, 0x00000000c4300000, 0x00000000eab00000)
  object space 68608K, 51% used [0x00000000c0000000,0x00000000c229a480,0x00000000c4300000)
 Metaspace       used 55650K, committed 56640K, reserved 1114112K
  class space    used 6025K, committed 6400K, reserved 1048576K
}
Event: 4.364 GC heap after
{Heap after GC invocations=28 (full 2):
 PSYoungGen      total 22528K, used 322K [0x00000000eab00000, 0x00000000ec380000, 0x0000000100000000)
  eden space 22016K, 0% used [0x00000000eab00000,0x00000000eab00000,0x00000000ec080000)
  from space 512K, 62% used [0x00000000ec300000,0x00000000ec350a08,0x00000000ec380000)
  to   space 1024K, 0% used [0x00000000ec180000,0x00000000ec180000,0x00000000ec280000)
 ParOldGen       total 68608K, used 36446K [0x00000000c0000000, 0x00000000c4300000, 0x00000000eab00000)
  object space 68608K, 53% used [0x00000000c0000000,0x00000000c2397960,0x00000000c4300000)
 Metaspace       used 55650K, committed 56640K, reserved 1114112K
  class space    used 6025K, committed 6400K, reserved 1048576K
}
Event: 4.628 GC heap before
{Heap before GC invocations=29 (full 2):
 PSYoungGen      total 22528K, used 22338K [0x00000000eab00000, 0x00000000ec380000, 0x0000000100000000)
  eden space 22016K, 100% used [0x00000000eab00000,0x00000000ec080000,0x00000000ec080000)
  from space 512K, 62% used [0x00000000ec300000,0x00000000ec350a08,0x00000000ec380000)
  to   space 1024K, 0% used [0x00000000ec180000,0x00000000ec180000,0x00000000ec280000)
 ParOldGen       total 68608K, used 36446K [0x00000000c0000000, 0x00000000c4300000, 0x00000000eab00000)
  object space 68608K, 53% used [0x00000000c0000000,0x00000000c2397960,0x00000000c4300000)
 Metaspace       used 57500K, committed 58496K, reserved 1114112K
  class space    used 6181K, committed 6592K, reserved 1048576K
}
Event: 4.629 GC heap after
{Heap after GC invocations=29 (full 2):
 PSYoungGen      total 23040K, used 416K [0x00000000eab00000, 0x00000000ec380000, 0x0000000100000000)
  eden space 22016K, 0% used [0x00000000eab00000,0x00000000eab00000,0x00000000ec080000)
  from space 1024K, 40% used [0x00000000ec180000,0x00000000ec1e8000,0x00000000ec280000)
  to   space 512K, 0% used [0x00000000ec300000,0x00000000ec300000,0x00000000ec380000)
 ParOldGen       total 68608K, used 36462K [0x00000000c0000000, 0x00000000c4300000, 0x00000000eab00000)
  object space 68608K, 53% used [0x00000000c0000000,0x00000000c239b960,0x00000000c4300000)
 Metaspace       used 57500K, committed 58496K, reserved 1114112K
  class space    used 6181K, committed 6592K, reserved 1048576K
}
Event: 4.768 GC heap before
{Heap before GC invocations=30 (full 2):
 PSYoungGen      total 23040K, used 11029K [0x00000000eab00000, 0x00000000ec380000, 0x0000000100000000)
  eden space 22016K, 48% used [0x00000000eab00000,0x00000000eb55d728,0x00000000ec080000)
  from space 1024K, 40% used [0x00000000ec180000,0x00000000ec1e8000,0x00000000ec280000)
  to   space 512K, 0% used [0x00000000ec300000,0x00000000ec300000,0x00000000ec380000)
 ParOldGen       total 68608K, used 36462K [0x00000000c0000000, 0x00000000c4300000, 0x00000000eab00000)
  object space 68608K, 53% used [0x00000000c0000000,0x00000000c239b960,0x00000000c4300000)
 Metaspace       used 58780K, committed 59776K, reserved 1114112K
  class space    used 6320K, committed 6720K, reserved 1048576K
}
Event: 4.769 GC heap after
{Heap after GC invocations=30 (full 2):
 PSYoungGen      total 22528K, used 480K [0x00000000eab00000, 0x00000000ec380000, 0x0000000100000000)
  eden space 22016K, 0% used [0x00000000eab00000,0x00000000eab00000,0x00000000ec080000)
  from space 512K, 93% used [0x00000000ec300000,0x00000000ec378298,0x00000000ec380000)
  to   space 1024K, 0% used [0x00000000ec180000,0x00000000ec180000,0x00000000ec280000)
 ParOldGen       total 68608K, used 36766K [0x00000000c0000000, 0x00000000c4300000, 0x00000000eab00000)
  object space 68608K, 53% used [0x00000000c0000000,0x00000000c23e7960,0x00000000c4300000)
 Metaspace       used 58780K, committed 59776K, reserved 1114112K
  class space    used 6320K, committed 6720K, reserved 1048576K
}
Event: 4.769 GC heap before
{Heap before GC invocations=31 (full 3):
 PSYoungGen      total 22528K, used 480K [0x00000000eab00000, 0x00000000ec380000, 0x0000000100000000)
  eden space 22016K, 0% used [0x00000000eab00000,0x00000000eab00000,0x00000000ec080000)
  from space 512K, 93% used [0x00000000ec300000,0x00000000ec378298,0x00000000ec380000)
  to   space 1024K, 0% used [0x00000000ec180000,0x00000000ec180000,0x00000000ec280000)
 ParOldGen       total 68608K, used 36766K [0x00000000c0000000, 0x00000000c4300000, 0x00000000eab00000)
  object space 68608K, 53% used [0x00000000c0000000,0x00000000c23e7960,0x00000000c4300000)
 Metaspace       used 58780K, committed 59776K, reserved 1114112K
  class space    used 6320K, committed 6720K, reserved 1048576K
}
Event: 4.820 GC heap after
{Heap after GC invocations=31 (full 3):
 PSYoungGen      total 22528K, used 0K [0x00000000eab00000, 0x00000000ec380000, 0x0000000100000000)
  eden space 22016K, 0% used [0x00000000eab00000,0x00000000eab00000,0x00000000ec080000)
  from space 512K, 0% used [0x00000000ec300000,0x00000000ec300000,0x00000000ec380000)
  to   space 1024K, 0% used [0x00000000ec180000,0x00000000ec180000,0x00000000ec280000)
 ParOldGen       total 68608K, used 34201K [0x00000000c0000000, 0x00000000c4300000, 0x00000000eab00000)
  object space 68608K, 49% used [0x00000000c0000000,0x00000000c2166648,0x00000000c4300000)
 Metaspace       used 58780K, committed 59776K, reserved 1114112K
  class space    used 6320K, committed 6720K, reserved 1048576K
}
Event: 5.101 GC heap before
{Heap before GC invocations=32 (full 3):
 PSYoungGen      total 22528K, used 22015K [0x00000000eab00000, 0x00000000ec380000, 0x0000000100000000)
  eden space 22016K, 99% used [0x00000000eab00000,0x00000000ec07ff78,0x00000000ec080000)
  from space 512K, 0% used [0x00000000ec300000,0x00000000ec300000,0x00000000ec380000)
  to   space 1024K, 0% used [0x00000000ec180000,0x00000000ec180000,0x00000000ec280000)
 ParOldGen       total 68608K, used 34201K [0x00000000c0000000, 0x00000000c4300000, 0x00000000eab00000)
  object space 68608K, 49% used [0x00000000c0000000,0x00000000c2166648,0x00000000c4300000)
 Metaspace       used 61285K, committed 62336K, reserved 1114112K
  class space    used 6566K, committed 6976K, reserved 1048576K
}
Event: 5.102 GC heap after
{Heap after GC invocations=32 (full 3):
 PSYoungGen      total 23040K, used 992K [0x00000000eab00000, 0x00000000ec480000, 0x0000000100000000)
  eden space 22016K, 0% used [0x00000000eab00000,0x00000000eab00000,0x00000000ec080000)
  from space 1024K, 96% used [0x00000000ec180000,0x00000000ec278160,0x00000000ec280000)
  to   space 2048K, 0% used [0x00000000ec280000,0x00000000ec280000,0x00000000ec480000)
 ParOldGen       total 68608K, used 34735K [0x00000000c0000000, 0x00000000c4300000, 0x00000000eab00000)
  object space 68608K, 50% used [0x00000000c0000000,0x00000000c21ebd70,0x00000000c4300000)
 Metaspace       used 61285K, committed 62336K, reserved 1114112K
  class space    used 6566K, committed 6976K, reserved 1048576K
}
Event: 5.322 GC heap before
{Heap before GC invocations=33 (full 3):
 PSYoungGen      total 23040K, used 23008K [0x00000000eab00000, 0x00000000ec480000, 0x0000000100000000)
  eden space 22016K, 100% used [0x00000000eab00000,0x00000000ec080000,0x00000000ec080000)
  from space 1024K, 96% used [0x00000000ec180000,0x00000000ec278160,0x00000000ec280000)
  to   space 2048K, 0% used [0x00000000ec280000,0x00000000ec280000,0x00000000ec480000)
 ParOldGen       total 68608K, used 34735K [0x00000000c0000000, 0x00000000c4300000, 0x00000000eab00000)
  object space 68608K, 50% used [0x00000000c0000000,0x00000000c21ebd70,0x00000000c4300000)
 Metaspace       used 63559K, committed 64640K, reserved 1114112K
  class space    used 6833K, committed 7296K, reserved 1048576K
}
Event: 5.325 GC heap after
{Heap after GC invocations=33 (full 3):
 PSYoungGen      total 23552K, used 1956K [0x00000000eab00000, 0x00000000ec580000, 0x0000000100000000)
  eden space 21504K, 0% used [0x00000000eab00000,0x00000000eab00000,0x00000000ec000000)
  from space 2048K, 95% used [0x00000000ec280000,0x00000000ec469078,0x00000000ec480000)
  to   space 2560K, 0% used [0x00000000ec000000,0x00000000ec000000,0x00000000ec280000)
 ParOldGen       total 68608K, used 35681K [0x00000000c0000000, 0x00000000c4300000, 0x00000000eab00000)
  object space 68608K, 52% used [0x00000000c0000000,0x00000000c22d8728,0x00000000c4300000)
 Metaspace       used 63559K, committed 64640K, reserved 1114112K
  class space    used 6833K, committed 7296K, reserved 1048576K
}

