# JRE version: OpenJDK Runtime Environment Temurin-17.0.10+7 (17.0.10+7) (build 17.0.10+7)
# Java VM: OpenJDK 64-Bit Server VM Temurin-17.0.10+7 (17.0.10+7, mixed mode, tiered, compressed oops, compressed class ptrs, parallel gc, windows-amd64)
GC Precious Log:
 CPUs: 8 total, 8 available
 Memory: 7975M
 Large Page Support: Disabled
 NUMA Support: Disabled
 Compressed Oops: Enabled (32-bit)
 Alignments: Space 512K, Generation 512K, Heap 2M
 Heap Min Capacity: 100M
 Heap Initial Capacity: 100M
 Heap Max Capacity: 1G
 Pre-touch: Disabled
 Parallel Workers: 8
Heap:
 PSYoungGen      total 18944K, used 4931K [0x00000000eab00000, 0x00000000ebf80000, 0x0000000100000000)
  eden space 17408K, 21% used [0x00000000eab00000,0x00000000eaeb88e8,0x00000000ebc00000)
  from space 1536K, 72% used [0x00000000ebe00000,0x00000000ebf18418,0x00000000ebf80000)
  to   space 1536K, 0% used [0x00000000ebc80000,0x00000000ebc80000,0x00000000ebe00000)
 ParOldGen       total 68608K, used 41434K [0x00000000c0000000, 0x00000000c4300000, 0x00000000eab00000)
  object space 68608K, 60% used [0x00000000c0000000,0x00000000c28768e8,0x00000000c4300000)
 Metaspace       used 68912K, committed 70016K, reserved 1114112K
  class space    used 7338K, committed 7808K, reserved 1048576K
GC Heap History (20 events):
Event: 7.432 GC heap before
{Heap before GC invocations=30 (full 2):
 PSYoungGen      total 20992K, used 20293K [0x00000000eab00000, 0x00000000ec100000, 0x0000000100000000)
  eden space 19456K, 100% used [0x00000000eab00000,0x00000000ebe00000,0x00000000ebe00000)
  from space 1536K, 54% used [0x00000000ebe80000,0x00000000ebf51560,0x00000000ec000000)
  to   space 1024K, 0% used [0x00000000ec000000,0x00000000ec000000,0x00000000ec100000)
 ParOldGen       total 68608K, used 36143K [0x00000000c0000000, 0x00000000c4300000, 0x00000000eab00000)
  object space 68608K, 52% used [0x00000000c0000000,0x00000000c234bdd0,0x00000000c4300000)
 Metaspace       used 57874K, committed 58880K, reserved 1114112K
  class space    used 6213K, committed 6656K, reserved 1048576K
}
Event: 7.433 GC heap after
{Heap after GC invocations=30 (full 2):
 PSYoungGen      total 20480K, used 535K [0x00000000eab00000, 0x00000000ec100000, 0x0000000100000000)
  eden space 19456K, 0% used [0x00000000eab00000,0x00000000eab00000,0x00000000ebe00000)
  from space 1024K, 52% used [0x00000000ec000000,0x00000000ec085fc8,0x00000000ec100000)
  to   space 1024K, 0% used [0x00000000ebf00000,0x00000000ebf00000,0x00000000ec000000)
 ParOldGen       total 68608K, used 36167K [0x00000000c0000000, 0x00000000c4300000, 0x00000000eab00000)
  object space 68608K, 52% used [0x00000000c0000000,0x00000000c2351dd0,0x00000000c4300000)
 Metaspace       used 57874K, committed 58880K, reserved 1114112K
  class space    used 6213K, committed 6656K, reserved 1048576K
}
Event: 7.525 GC heap before
{Heap before GC invocations=31 (full 2):
 PSYoungGen      total 20480K, used 8843K [0x00000000eab00000, 0x00000000ec100000, 0x0000000100000000)
  eden space 19456K, 42% used [0x00000000eab00000,0x00000000eb31cdd0,0x00000000ebe00000)
  from space 1024K, 52% used [0x00000000ec000000,0x00000000ec085fc8,0x00000000ec100000)
  to   space 1024K, 0% used [0x00000000ebf00000,0x00000000ebf00000,0x00000000ec000000)
 ParOldGen       total 68608K, used 36167K [0x00000000c0000000, 0x00000000c4300000, 0x00000000eab00000)
  object space 68608K, 52% used [0x00000000c0000000,0x00000000c2351dd0,0x00000000c4300000)
 Metaspace       used 58851K, committed 59776K, reserved 1114112K
  class space    used 6318K, committed 6720K, reserved 1048576K
}
Event: 7.526 GC heap after
{Heap after GC invocations=31 (full 2):
 PSYoungGen      total 19968K, used 480K [0x00000000eab00000, 0x00000000ec080000, 0x0000000100000000)
  eden space 19456K, 0% used [0x00000000eab00000,0x00000000eab00000,0x00000000ebe00000)
  from space 512K, 93% used [0x00000000ebf00000,0x00000000ebf78030,0x00000000ebf80000)
  to   space 1024K, 0% used [0x00000000ebf80000,0x00000000ebf80000,0x00000000ec080000)
 ParOldGen       total 68608K, used 36561K [0x00000000c0000000, 0x00000000c4300000, 0x00000000eab00000)
  object space 68608K, 53% used [0x00000000c0000000,0x00000000c23b4738,0x00000000c4300000)
 Metaspace       used 58851K, committed 59776K, reserved 1114112K
  class space    used 6318K, committed 6720K, reserved 1048576K
}
Event: 7.526 GC heap before
{Heap before GC invocations=32 (full 3):
 PSYoungGen      total 19968K, used 480K [0x00000000eab00000, 0x00000000ec080000, 0x0000000100000000)
  eden space 19456K, 0% used [0x00000000eab00000,0x00000000eab00000,0x00000000ebe00000)
  from space 512K, 93% used [0x00000000ebf00000,0x00000000ebf78030,0x00000000ebf80000)
  to   space 1024K, 0% used [0x00000000ebf80000,0x00000000ebf80000,0x00000000ec080000)
 ParOldGen       total 68608K, used 36561K [0x00000000c0000000, 0x00000000c4300000, 0x00000000eab00000)
  object space 68608K, 53% used [0x00000000c0000000,0x00000000c23b4738,0x00000000c4300000)
 Metaspace       used 58851K, committed 59776K, reserved 1114112K
  class space    used 6318K, committed 6720K, reserved 1048576K
}
Event: 7.573 GC heap after
{Heap after GC invocations=32 (full 3):
 PSYoungGen      total 19968K, used 0K [0x00000000eab00000, 0x00000000ec080000, 0x0000000100000000)
  eden space 19456K, 0% used [0x00000000eab00000,0x00000000eab00000,0x00000000ebe00000)
  from space 512K, 0% used [0x00000000ebf00000,0x00000000ebf00000,0x00000000ebf80000)
  to   space 1024K, 0% used [0x00000000ebf80000,0x00000000ebf80000,0x00000000ec080000)
 ParOldGen       total 68608K, used 34231K [0x00000000c0000000, 0x00000000c4300000, 0x00000000eab00000)
  object space 68608K, 49% used [0x00000000c0000000,0x00000000c216dcc8,0x00000000c4300000)
 Metaspace       used 58851K, committed 59776K, reserved 1114112K
  class space    used 6318K, committed 6720K, reserved 1048576K
}
Event: 7.920 GC heap before
{Heap before GC invocations=33 (full 3):
 PSYoungGen      total 19968K, used 19456K [0x00000000eab00000, 0x00000000ec080000, 0x0000000100000000)
  eden space 19456K, 100% used [0x00000000eab00000,0x00000000ebe00000,0x00000000ebe00000)
  from space 512K, 0% used [0x00000000ebf00000,0x00000000ebf00000,0x00000000ebf80000)
  to   space 1024K, 0% used [0x00000000ebf80000,0x00000000ebf80000,0x00000000ec080000)
 ParOldGen       total 68608K, used 34231K [0x00000000c0000000, 0x00000000c4300000, 0x00000000eab00000)
  object space 68608K, 49% used [0x00000000c0000000,0x00000000c216dcc8,0x00000000c4300000)
 Metaspace       used 61485K, committed 62464K, reserved 1114112K
  class space    used 6586K, committed 6976K, reserved 1048576K
}
Event: 7.922 GC heap after
{Heap after GC invocations=33 (full 3):
 PSYoungGen      total 19968K, used 992K [0x00000000eab00000, 0x00000000ec200000, 0x0000000100000000)
  eden space 18944K, 0% used [0x00000000eab00000,0x00000000eab00000,0x00000000ebd80000)
  from space 1024K, 96% used [0x00000000ebf80000,0x00000000ec078370,0x00000000ec080000)
  to   space 2048K, 0% used [0x00000000ebd80000,0x00000000ebd80000,0x00000000ebf80000)
 ParOldGen       total 68608K, used 34816K [0x00000000c0000000, 0x00000000c4300000, 0x00000000eab00000)
  object space 68608K, 50% used [0x00000000c0000000,0x00000000c22003e0,0x00000000c4300000)
 Metaspace       used 61485K, committed 62464K, reserved 1114112K
  class space    used 6586K, committed 6976K, reserved 1048576K
}
Event: 8.238 GC heap before
{Heap before GC invocations=34 (full 3):
 PSYoungGen      total 19968K, used 19936K [0x00000000eab00000, 0x00000000ec200000, 0x0000000100000000)
  eden space 18944K, 100% used [0x00000000eab00000,0x00000000ebd80000,0x00000000ebd80000)
  from space 1024K, 96% used [0x00000000ebf80000,0x00000000ec078370,0x00000000ec080000)
  to   space 2048K, 0% used [0x00000000ebd80000,0x00000000ebd80000,0x00000000ebf80000)
 ParOldGen       total 68608K, used 34816K [0x00000000c0000000, 0x00000000c4300000, 0x00000000eab00000)
  object space 68608K, 50% used [0x00000000c0000000,0x00000000c22003e0,0x00000000c4300000)
 Metaspace       used 63327K, committed 64320K, reserved 1114112K
  class space    used 6776K, committed 7168K, reserved 1048576K
}
Event: 8.240 GC heap after
{Heap after GC invocations=34 (full 3):
 PSYoungGen      total 20992K, used 1897K [0x00000000eab00000, 0x00000000ec180000, 0x0000000100000000)
  eden space 18944K, 0% used [0x00000000eab00000,0x00000000eab00000,0x00000000ebd80000)
  from space 2048K, 92% used [0x00000000ebd80000,0x00000000ebf5a760,0x00000000ebf80000)
  to   space 2048K, 0% used [0x00000000ebf80000,0x00000000ebf80000,0x00000000ec180000)
 ParOldGen       total 68608K, used 35794K [0x00000000c0000000, 0x00000000c4300000, 0x00000000eab00000)
  object space 68608K, 52% used [0x00000000c0000000,0x00000000c22f4808,0x00000000c4300000)
 Metaspace       used 63327K, committed 64320K, reserved 1114112K
  class space    used 6776K, committed 7168K, reserved 1048576K
}
Event: 8.346 GC heap before
{Heap before GC invocations=35 (full 3):
 PSYoungGen      total 20992K, used 20841K [0x00000000eab00000, 0x00000000ec180000, 0x0000000100000000)
  eden space 18944K, 99% used [0x00000000eab00000,0x00000000ebd7ffe8,0x00000000ebd80000)
  from space 2048K, 92% used [0x00000000ebd80000,0x00000000ebf5a760,0x00000000ebf80000)
  to   space 2048K, 0% used [0x00000000ebf80000,0x00000000ebf80000,0x00000000ec180000)
 ParOldGen       total 68608K, used 35794K [0x00000000c0000000, 0x00000000c4300000, 0x00000000eab00000)
  object space 68608K, 52% used [0x00000000c0000000,0x00000000c22f4808,0x00000000c4300000)
 Metaspace       used 63808K, committed 64768K, reserved 1114112K
  class space    used 6814K, committed 7232K, reserved 1048576K
}
Event: 8.347 GC heap after
{Heap after GC invocations=35 (full 3):
 PSYoungGen      total 19968K, used 880K [0x00000000eab00000, 0x00000000ec080000, 0x0000000100000000)
  eden space 18944K, 0% used [0x00000000eab00000,0x00000000eab00000,0x00000000ebd80000)
  from space 1024K, 85% used [0x00000000ebf80000,0x00000000ec05c010,0x00000000ec080000)
  to   space 1536K, 0% used [0x00000000ebd80000,0x00000000ebd80000,0x00000000ebf00000)
 ParOldGen       total 68608K, used 37288K [0x00000000c0000000, 0x00000000c4300000, 0x00000000eab00000)
  object space 68608K, 54% used [0x00000000c0000000,0x00000000c246a1f0,0x00000000c4300000)
 Metaspace       used 63808K, committed 64768K, reserved 1114112K
  class space    used 6814K, committed 7232K, reserved 1048576K
}
Event: 8.731 GC heap before
{Heap before GC invocations=36 (full 3):
 PSYoungGen      total 19968K, used 19824K [0x00000000eab00000, 0x00000000ec080000, 0x0000000100000000)
  eden space 18944K, 100% used [0x00000000eab00000,0x00000000ebd80000,0x00000000ebd80000)
  from space 1024K, 85% used [0x00000000ebf80000,0x00000000ec05c010,0x00000000ec080000)
  to   space 1536K, 0% used [0x00000000ebd80000,0x00000000ebd80000,0x00000000ebf00000)
 ParOldGen       total 68608K, used 37288K [0x00000000c0000000, 0x00000000c4300000, 0x00000000eab00000)
  object space 68608K, 54% used [0x00000000c0000000,0x00000000c246a1f0,0x00000000c4300000)
 Metaspace       used 64810K, committed 65856K, reserved 1114112K
  class space    used 6903K, committed 7360K, reserved 1048576K
}
Event: 8.733 GC heap after
{Heap after GC invocations=36 (full 3):
 PSYoungGen      total 20480K, used 800K [0x00000000eab00000, 0x00000000ec000000, 0x0000000100000000)
  eden space 18944K, 0% used [0x00000000eab00000,0x00000000eab00000,0x00000000ebd80000)
  from space 1536K, 52% used [0x00000000ebd80000,0x00000000ebe48040,0x00000000ebf00000)
  to   space 1024K, 0% used [0x00000000ebf00000,0x00000000ebf00000,0x00000000ec000000)
 ParOldGen       total 68608K, used 37925K [0x00000000c0000000, 0x00000000c4300000, 0x00000000eab00000)
  object space 68608K, 55% used [0x00000000c0000000,0x00000000c2509498,0x00000000c4300000)
 Metaspace       used 64810K, committed 65856K, reserved 1114112K
  class space    used 6903K, committed 7360K, reserved 1048576K
}
Event: 11.372 GC heap before
{Heap before GC invocations=37 (full 3):
 PSYoungGen      total 20480K, used 19744K [0x00000000eab00000, 0x00000000ec000000, 0x0000000100000000)
  eden space 18944K, 100% used [0x00000000eab00000,0x00000000ebd80000,0x00000000ebd80000)
  from space 1536K, 52% used [0x00000000ebd80000,0x00000000ebe48040,0x00000000ebf00000)
  to   space 1024K, 0% used [0x00000000ebf00000,0x00000000ebf00000,0x00000000ec000000)
 ParOldGen       total 68608K, used 37925K [0x00000000c0000000, 0x00000000c4300000, 0x00000000eab00000)
  object space 68608K, 55% used [0x00000000c0000000,0x00000000c2509498,0x00000000c4300000)
 Metaspace       used 66446K, committed 67520K, reserved 1114112K
  class space    used 7036K, committed 7488K, reserved 1048576K
}
Event: 11.375 GC heap after
{Heap after GC invocations=37 (full 3):
 PSYoungGen      total 18432K, used 1004K [0x00000000eab00000, 0x00000000ec380000, 0x0000000100000000)
  eden space 17408K, 0% used [0x00000000eab00000,0x00000000eab00000,0x00000000ebc00000)
  from space 1024K, 98% used [0x00000000ebf00000,0x00000000ebffb250,0x00000000ec000000)
  to   space 3072K, 0% used [0x00000000ebc00000,0x00000000ebc00000,0x00000000ebf00000)
 ParOldGen       total 68608K, used 39608K [0x00000000c0000000, 0x00000000c4300000, 0x00000000eab00000)
  object space 68608K, 57% used [0x00000000c0000000,0x00000000c26ae1d0,0x00000000c4300000)
 Metaspace       used 66446K, committed 67520K, reserved 1114112K
  class space    used 7036K, committed 7488K, reserved 1048576K
}
Event: 11.645 GC heap before
{Heap before GC invocations=38 (full 3):
 PSYoungGen      total 18432K, used 18412K [0x00000000eab00000, 0x00000000ec380000, 0x0000000100000000)
  eden space 17408K, 100% used [0x00000000eab00000,0x00000000ebc00000,0x00000000ebc00000)
  from space 1024K, 98% used [0x00000000ebf00000,0x00000000ebffb250,0x00000000ec000000)
  to   space 3072K, 0% used [0x00000000ebc00000,0x00000000ebc00000,0x00000000ebf00000)
 ParOldGen       total 68608K, used 39608K [0x00000000c0000000, 0x00000000c4300000, 0x00000000eab00000)
  object space 68608K, 57% used [0x00000000c0000000,0x00000000c26ae1d0,0x00000000c4300000)
 Metaspace       used 67591K, committed 68672K, reserved 1114112K
  class space    used 7137K, committed 7616K, reserved 1048576K
}
Event: 11.646 GC heap after
{Heap after GC invocations=38 (full 3):
 PSYoungGen      total 18432K, used 854K [0x00000000eab00000, 0x00000000ebf80000, 0x0000000100000000)
  eden space 17408K, 0% used [0x00000000eab00000,0x00000000eab00000,0x00000000ebc00000)
  from space 1024K, 83% used [0x00000000ebc00000,0x00000000ebcd58b0,0x00000000ebd00000)
  to   space 1536K, 0% used [0x00000000ebe00000,0x00000000ebe00000,0x00000000ebf80000)
 ParOldGen       total 68608K, used 40589K [0x00000000c0000000, 0x00000000c4300000, 0x00000000eab00000)
  object space 68608K, 59% used [0x00000000c0000000,0x00000000c27a3798,0x00000000c4300000)
 Metaspace       used 67591K, committed 68672K, reserved 1114112K
  class space    used 7137K, committed 7616K, reserved 1048576K
}
Event: 18.479 GC heap before
{Heap before GC invocations=39 (full 3):
 PSYoungGen      total 18432K, used 18262K [0x00000000eab00000, 0x00000000ebf80000, 0x0000000100000000)
  eden space 17408K, 100% used [0x00000000eab00000,0x00000000ebc00000,0x00000000ebc00000)
  from space 1024K, 83% used [0x00000000ebc00000,0x00000000ebcd58b0,0x00000000ebd00000)
  to   space 1536K, 0% used [0x00000000ebe00000,0x00000000ebe00000,0x00000000ebf80000)
 ParOldGen       total 68608K, used 40589K [0x00000000c0000000, 0x00000000c4300000, 0x00000000eab00000)
  object space 68608K, 59% used [0x00000000c0000000,0x00000000c27a3798,0x00000000c4300000)
 Metaspace       used 68887K, committed 70016K, reserved 1114112K
  class space    used 7335K, committed 7808K, reserved 1048576K
}
Event: 18.481 GC heap after
{Heap after GC invocations=39 (full 3):
 PSYoungGen      total 18944K, used 1121K [0x00000000eab00000, 0x00000000ebf80000, 0x0000000100000000)
  eden space 17408K, 0% used [0x00000000eab00000,0x00000000eab00000,0x00000000ebc00000)
  from space 1536K, 72% used [0x00000000ebe00000,0x00000000ebf18418,0x00000000ebf80000)
  to   space 1536K, 0% used [0x00000000ebc80000,0x00000000ebc80000,0x00000000ebe00000)
 ParOldGen       total 68608K, used 41434K [0x00000000c0000000, 0x00000000c4300000, 0x00000000eab00000)
  object space 68608K, 60% used [0x00000000c0000000,0x00000000c28768e8,0x00000000c4300000)
 Metaspace       used 68887K, committed 70016K, reserved 1114112K
  class space    used 7335K, committed 7808K, reserved 1048576K
}

