# JRE version: OpenJDK Runtime Environment Temurin-17.0.10+7 (17.0.10+7) (build 17.0.10+7)
# Java VM: OpenJDK 64-Bit Server VM Temurin-17.0.10+7 (17.0.10+7, mixed mode, tiered, compressed oops, compressed class ptrs, parallel gc, windows-amd64)
GC Precious Log:
 CPUs: 8 total, 8 available
 Memory: 7975M
 Large Page Support: Disabled
 NUMA Support: Disabled
 Compressed Oops: Enabled (32-bit)
 Alignments: Space 512K, Generation 512K, Heap 2M
 Heap Min Capacity: 100M
 Heap Initial Capacity: 100M
 Heap Max Capacity: 1G
 Pre-touch: Disabled
 Parallel Workers: 8
Heap:
 PSYoungGen      total 19968K, used 15794K [0x00000000eab00000, 0x00000000ec380000, 0x0000000100000000)
  eden space 18944K, 78% used [0x00000000eab00000,0x00000000eb971588,0x00000000ebd80000)
  from space 1024K, 98% used [0x00000000ebe00000,0x00000000ebefb628,0x00000000ebf00000)
  to   space 3072K, 0% used [0x00000000ec080000,0x00000000ec080000,0x00000000ec380000)
 ParOldGen       total 68608K, used 38943K [0x00000000c0000000, 0x00000000c4300000, 0x00000000eab00000)
  object space 68608K, 56% used [0x00000000c0000000,0x00000000c2607f18,0x00000000c4300000)
 Metaspace       used 65643K, committed 66816K, reserved 1114112K
  class space    used 6969K, committed 7488K, reserved 1048576K
GC Heap History (20 events):
Event: 4.469 GC heap before
{Heap before GC invocations=27 (full 2):
 PSYoungGen      total 20992K, used 20632K [0x00000000eab00000, 0x00000000ec280000, 0x0000000100000000)
  eden space 19968K, 100% used [0x00000000eab00000,0x00000000ebe80000,0x00000000ebe80000)
  from space 1024K, 64% used [0x00000000ec180000,0x00000000ec2261e8,0x00000000ec280000)
  to   space 1536K, 0% used [0x00000000ebf80000,0x00000000ebf80000,0x00000000ec100000)
 ParOldGen       total 68608K, used 34667K [0x00000000c0000000, 0x00000000c4300000, 0x00000000eab00000)
  object space 68608K, 50% used [0x00000000c0000000,0x00000000c21dadd8,0x00000000c4300000)
 Metaspace       used 54809K, committed 55808K, reserved 1114112K
  class space    used 5957K, committed 6400K, reserved 1048576K
}
Event: 4.470 GC heap after
{Heap after GC invocations=27 (full 2):
 PSYoungGen      total 21504K, used 384K [0x00000000eab00000, 0x00000000ec200000, 0x0000000100000000)
  eden space 19968K, 0% used [0x00000000eab00000,0x00000000eab00000,0x00000000ebe80000)
  from space 1536K, 25% used [0x00000000ebf80000,0x00000000ebfe0010,0x00000000ec100000)
  to   space 1024K, 0% used [0x00000000ec100000,0x00000000ec100000,0x00000000ec200000)
 ParOldGen       total 68608K, used 35279K [0x00000000c0000000, 0x00000000c4300000, 0x00000000eab00000)
  object space 68608K, 51% used [0x00000000c0000000,0x00000000c2273f60,0x00000000c4300000)
 Metaspace       used 54809K, committed 55808K, reserved 1114112K
  class space    used 5957K, committed 6400K, reserved 1048576K
}
Event: 4.561 GC heap before
{Heap before GC invocations=28 (full 2):
 PSYoungGen      total 21504K, used 20352K [0x00000000eab00000, 0x00000000ec200000, 0x0000000100000000)
  eden space 19968K, 100% used [0x00000000eab00000,0x00000000ebe80000,0x00000000ebe80000)
  from space 1536K, 25% used [0x00000000ebf80000,0x00000000ebfe0010,0x00000000ec100000)
  to   space 1024K, 0% used [0x00000000ec100000,0x00000000ec100000,0x00000000ec200000)
 ParOldGen       total 68608K, used 35279K [0x00000000c0000000, 0x00000000c4300000, 0x00000000eab00000)
  object space 68608K, 51% used [0x00000000c0000000,0x00000000c2273f60,0x00000000c4300000)
 Metaspace       used 55639K, committed 56512K, reserved 1114112K
  class space    used 6023K, committed 6400K, reserved 1048576K
}
Event: 4.564 GC heap after
{Heap after GC invocations=28 (full 2):
 PSYoungGen      total 20992K, used 1023K [0x00000000eab00000, 0x00000000ec280000, 0x0000000100000000)
  eden space 19968K, 0% used [0x00000000eab00000,0x00000000eab00000,0x00000000ebe80000)
  from space 1024K, 99% used [0x00000000ec100000,0x00000000ec1ffcd8,0x00000000ec200000)
  to   space 2048K, 0% used [0x00000000ebe80000,0x00000000ebe80000,0x00000000ec080000)
 ParOldGen       total 68608K, used 36053K [0x00000000c0000000, 0x00000000c4300000, 0x00000000eab00000)
  object space 68608K, 52% used [0x00000000c0000000,0x00000000c2335498,0x00000000c4300000)
 Metaspace       used 55639K, committed 56512K, reserved 1114112K
  class space    used 6023K, committed 6400K, reserved 1048576K
}
Event: 4.608 GC heap before
{Heap before GC invocations=29 (full 2):
 PSYoungGen      total 20992K, used 20991K [0x00000000eab00000, 0x00000000ec280000, 0x0000000100000000)
  eden space 19968K, 100% used [0x00000000eab00000,0x00000000ebe80000,0x00000000ebe80000)
  from space 1024K, 99% used [0x00000000ec100000,0x00000000ec1ffcd8,0x00000000ec200000)
  to   space 2048K, 0% used [0x00000000ebe80000,0x00000000ebe80000,0x00000000ec080000)
 ParOldGen       total 68608K, used 36053K [0x00000000c0000000, 0x00000000c4300000, 0x00000000eab00000)
  object space 68608K, 52% used [0x00000000c0000000,0x00000000c2335498,0x00000000c4300000)
 Metaspace       used 55652K, committed 56512K, reserved 1114112K
  class space    used 6023K, committed 6400K, reserved 1048576K
}
Event: 4.608 GC heap after
{Heap after GC invocations=29 (full 2):
 PSYoungGen      total 20992K, used 645K [0x00000000eab00000, 0x00000000ec180000, 0x0000000100000000)
  eden space 19968K, 0% used [0x00000000eab00000,0x00000000eab00000,0x00000000ebe80000)
  from space 1024K, 63% used [0x00000000ebe80000,0x00000000ebf21798,0x00000000ebf80000)
  to   space 1536K, 0% used [0x00000000ec000000,0x00000000ec000000,0x00000000ec180000)
 ParOldGen       total 68608K, used 37251K [0x00000000c0000000, 0x00000000c4300000, 0x00000000eab00000)
  object space 68608K, 54% used [0x00000000c0000000,0x00000000c2460c88,0x00000000c4300000)
 Metaspace       used 55652K, committed 56512K, reserved 1114112K
  class space    used 6023K, committed 6400K, reserved 1048576K
}
Event: 4.877 GC heap before
{Heap before GC invocations=30 (full 2):
 PSYoungGen      total 20992K, used 20613K [0x00000000eab00000, 0x00000000ec180000, 0x0000000100000000)
  eden space 19968K, 100% used [0x00000000eab00000,0x00000000ebe80000,0x00000000ebe80000)
  from space 1024K, 63% used [0x00000000ebe80000,0x00000000ebf21798,0x00000000ebf80000)
  to   space 1536K, 0% used [0x00000000ec000000,0x00000000ec000000,0x00000000ec180000)
 ParOldGen       total 68608K, used 37251K [0x00000000c0000000, 0x00000000c4300000, 0x00000000eab00000)
  object space 68608K, 54% used [0x00000000c0000000,0x00000000c2460c88,0x00000000c4300000)
 Metaspace       used 58059K, committed 59008K, reserved 1114112K
  class space    used 6249K, committed 6656K, reserved 1048576K
}
Event: 4.878 GC heap after
{Heap after GC invocations=30 (full 2):
 PSYoungGen      total 20992K, used 599K [0x00000000eab00000, 0x00000000ec100000, 0x0000000100000000)
  eden space 19968K, 0% used [0x00000000eab00000,0x00000000eab00000,0x00000000ebe80000)
  from space 1024K, 58% used [0x00000000ec000000,0x00000000ec095fe8,0x00000000ec100000)
  to   space 1024K, 0% used [0x00000000ebe80000,0x00000000ebe80000,0x00000000ebf80000)
 ParOldGen       total 68608K, used 37371K [0x00000000c0000000, 0x00000000c4300000, 0x00000000eab00000)
  object space 68608K, 54% used [0x00000000c0000000,0x00000000c247ec88,0x00000000c4300000)
 Metaspace       used 58059K, committed 59008K, reserved 1114112K
  class space    used 6249K, committed 6656K, reserved 1048576K
}
Event: 4.980 GC heap before
{Heap before GC invocations=31 (full 2):
 PSYoungGen      total 20992K, used 7686K [0x00000000eab00000, 0x00000000ec100000, 0x0000000100000000)
  eden space 19968K, 35% used [0x00000000eab00000,0x00000000eb1ebb90,0x00000000ebe80000)
  from space 1024K, 58% used [0x00000000ec000000,0x00000000ec095fe8,0x00000000ec100000)
  to   space 1024K, 0% used [0x00000000ebe80000,0x00000000ebe80000,0x00000000ebf80000)
 ParOldGen       total 68608K, used 37371K [0x00000000c0000000, 0x00000000c4300000, 0x00000000eab00000)
  object space 68608K, 54% used [0x00000000c0000000,0x00000000c247ec88,0x00000000c4300000)
 Metaspace       used 58924K, committed 59776K, reserved 1114112K
  class space    used 6326K, committed 6720K, reserved 1048576K
}
Event: 4.980 GC heap after
{Heap after GC invocations=31 (full 2):
 PSYoungGen      total 20992K, used 256K [0x00000000eab00000, 0x00000000ec080000, 0x0000000100000000)
  eden space 19968K, 0% used [0x00000000eab00000,0x00000000eab00000,0x00000000ebe80000)
  from space 1024K, 25% used [0x00000000ebe80000,0x00000000ebec0000,0x00000000ebf80000)
  to   space 512K, 0% used [0x00000000ec000000,0x00000000ec000000,0x00000000ec080000)
 ParOldGen       total 68608K, used 37830K [0x00000000c0000000, 0x00000000c4300000, 0x00000000eab00000)
  object space 68608K, 55% used [0x00000000c0000000,0x00000000c24f1878,0x00000000c4300000)
 Metaspace       used 58924K, committed 59776K, reserved 1114112K
  class space    used 6326K, committed 6720K, reserved 1048576K
}
Event: 4.980 GC heap before
{Heap before GC invocations=32 (full 3):
 PSYoungGen      total 20992K, used 256K [0x00000000eab00000, 0x00000000ec080000, 0x0000000100000000)
  eden space 19968K, 0% used [0x00000000eab00000,0x00000000eab00000,0x00000000ebe80000)
  from space 1024K, 25% used [0x00000000ebe80000,0x00000000ebec0000,0x00000000ebf80000)
  to   space 512K, 0% used [0x00000000ec000000,0x00000000ec000000,0x00000000ec080000)
 ParOldGen       total 68608K, used 37830K [0x00000000c0000000, 0x00000000c4300000, 0x00000000eab00000)
  object space 68608K, 55% used [0x00000000c0000000,0x00000000c24f1878,0x00000000c4300000)
 Metaspace       used 58924K, committed 59776K, reserved 1114112K
  class space    used 6326K, committed 6720K, reserved 1048576K
}
Event: 5.023 GC heap after
{Heap after GC invocations=32 (full 3):
 PSYoungGen      total 20992K, used 0K [0x00000000eab00000, 0x00000000ec080000, 0x0000000100000000)
  eden space 19968K, 0% used [0x00000000eab00000,0x00000000eab00000,0x00000000ebe80000)
  from space 1024K, 0% used [0x00000000ebe80000,0x00000000ebe80000,0x00000000ebf80000)
  to   space 512K, 0% used [0x00000000ec000000,0x00000000ec000000,0x00000000ec080000)
 ParOldGen       total 68608K, used 34109K [0x00000000c0000000, 0x00000000c4300000, 0x00000000eab00000)
  object space 68608K, 49% used [0x00000000c0000000,0x00000000c214f580,0x00000000c4300000)
 Metaspace       used 58924K, committed 59776K, reserved 1114112K
  class space    used 6326K, committed 6720K, reserved 1048576K
}
Event: 5.282 GC heap before
{Heap before GC invocations=33 (full 3):
 PSYoungGen      total 20992K, used 19968K [0x00000000eab00000, 0x00000000ec080000, 0x0000000100000000)
  eden space 19968K, 100% used [0x00000000eab00000,0x00000000ebe80000,0x00000000ebe80000)
  from space 1024K, 0% used [0x00000000ebe80000,0x00000000ebe80000,0x00000000ebf80000)
  to   space 512K, 0% used [0x00000000ec000000,0x00000000ec000000,0x00000000ec080000)
 ParOldGen       total 68608K, used 34109K [0x00000000c0000000, 0x00000000c4300000, 0x00000000eab00000)
  object space 68608K, 49% used [0x00000000c0000000,0x00000000c214f580,0x00000000c4300000)
 Metaspace       used 61570K, committed 62528K, reserved 1114112K
  class space    used 6601K, committed 7040K, reserved 1048576K
}
Event: 5.284 GC heap after
{Heap after GC invocations=33 (full 3):
 PSYoungGen      total 19456K, used 482K [0x00000000eab00000, 0x00000000ec380000, 0x0000000100000000)
  eden space 18944K, 0% used [0x00000000eab00000,0x00000000eab00000,0x00000000ebd80000)
  from space 512K, 94% used [0x00000000ec000000,0x00000000ec0788d8,0x00000000ec080000)
  to   space 2560K, 0% used [0x00000000ebd80000,0x00000000ebd80000,0x00000000ec000000)
 ParOldGen       total 68608K, used 35580K [0x00000000c0000000, 0x00000000c4300000, 0x00000000eab00000)
  object space 68608K, 51% used [0x00000000c0000000,0x00000000c22bf280,0x00000000c4300000)
 Metaspace       used 61570K, committed 62528K, reserved 1114112K
  class space    used 6601K, committed 7040K, reserved 1048576K
}
Event: 5.484 GC heap before
{Heap before GC invocations=34 (full 3):
 PSYoungGen      total 19456K, used 19426K [0x00000000eab00000, 0x00000000ec380000, 0x0000000100000000)
  eden space 18944K, 100% used [0x00000000eab00000,0x00000000ebd80000,0x00000000ebd80000)
  from space 512K, 94% used [0x00000000ec000000,0x00000000ec0788d8,0x00000000ec080000)
  to   space 2560K, 0% used [0x00000000ebd80000,0x00000000ebd80000,0x00000000ec000000)
 ParOldGen       total 68608K, used 35580K [0x00000000c0000000, 0x00000000c4300000, 0x00000000eab00000)
  object space 68608K, 51% used [0x00000000c0000000,0x00000000c22bf280,0x00000000c4300000)
 Metaspace       used 63207K, committed 64256K, reserved 1114112K
  class space    used 6770K, committed 7232K, reserved 1048576K
}
Event: 5.486 GC heap after
{Heap after GC invocations=34 (full 3):
 PSYoungGen      total 20480K, used 1290K [0x00000000eab00000, 0x00000000ec080000, 0x0000000100000000)
  eden space 18944K, 0% used [0x00000000eab00000,0x00000000eab00000,0x00000000ebd80000)
  from space 1536K, 83% used [0x00000000ebd80000,0x00000000ebec2898,0x00000000ebf00000)
  to   space 1536K, 0% used [0x00000000ebf00000,0x00000000ebf00000,0x00000000ec080000)
 ParOldGen       total 68608K, used 36064K [0x00000000c0000000, 0x00000000c4300000, 0x00000000eab00000)
  object space 68608K, 52% used [0x00000000c0000000,0x00000000c23382e0,0x00000000c4300000)
 Metaspace       used 63207K, committed 64256K, reserved 1114112K
  class space    used 6770K, committed 7232K, reserved 1048576K
}
Event: 5.708 GC heap before
{Heap before GC invocations=35 (full 3):
 PSYoungGen      total 20480K, used 20234K [0x00000000eab00000, 0x00000000ec080000, 0x0000000100000000)
  eden space 18944K, 100% used [0x00000000eab00000,0x00000000ebd80000,0x00000000ebd80000)
  from space 1536K, 83% used [0x00000000ebd80000,0x00000000ebec2898,0x00000000ebf00000)
  to   space 1536K, 0% used [0x00000000ebf00000,0x00000000ebf00000,0x00000000ec080000)
 ParOldGen       total 68608K, used 36064K [0x00000000c0000000, 0x00000000c4300000, 0x00000000eab00000)
  object space 68608K, 52% used [0x00000000c0000000,0x00000000c23382e0,0x00000000c4300000)
 Metaspace       used 63925K, committed 64960K, reserved 1114112K
  class space    used 6823K, committed 7296K, reserved 1048576K
}
Event: 5.710 GC heap after
{Heap after GC invocations=35 (full 3):
 PSYoungGen      total 19968K, used 592K [0x00000000eab00000, 0x00000000ec000000, 0x0000000100000000)
  eden space 18944K, 0% used [0x00000000eab00000,0x00000000eab00000,0x00000000ebd80000)
  from space 1024K, 57% used [0x00000000ebf00000,0x00000000ebf94030,0x00000000ec000000)
  to   space 1024K, 0% used [0x00000000ebe00000,0x00000000ebe00000,0x00000000ebf00000)
 ParOldGen       total 68608K, used 37245K [0x00000000c0000000, 0x00000000c4300000, 0x00000000eab00000)
  object space 68608K, 54% used [0x00000000c0000000,0x00000000c245f680,0x00000000c4300000)
 Metaspace       used 63925K, committed 64960K, reserved 1114112K
  class space    used 6823K, committed 7296K, reserved 1048576K
}
Event: 5.884 GC heap before
{Heap before GC invocations=36 (full 3):
 PSYoungGen      total 19968K, used 19536K [0x00000000eab00000, 0x00000000ec000000, 0x0000000100000000)
  eden space 18944K, 100% used [0x00000000eab00000,0x00000000ebd80000,0x00000000ebd80000)
  from space 1024K, 57% used [0x00000000ebf00000,0x00000000ebf94030,0x00000000ec000000)
  to   space 1024K, 0% used [0x00000000ebe00000,0x00000000ebe00000,0x00000000ebf00000)
 ParOldGen       total 68608K, used 37245K [0x00000000c0000000, 0x00000000c4300000, 0x00000000eab00000)
  object space 68608K, 54% used [0x00000000c0000000,0x00000000c245f680,0x00000000c4300000)
 Metaspace       used 65117K, committed 66240K, reserved 1114112K
  class space    used 6925K, committed 7424K, reserved 1048576K
}
Event: 5.885 GC heap after
{Heap after GC invocations=36 (full 3):
 PSYoungGen      total 19968K, used 1005K [0x00000000eab00000, 0x00000000ec380000, 0x0000000100000000)
  eden space 18944K, 0% used [0x00000000eab00000,0x00000000eab00000,0x00000000ebd80000)
  from space 1024K, 98% used [0x00000000ebe00000,0x00000000ebefb628,0x00000000ebf00000)
  to   space 3072K, 0% used [0x00000000ec080000,0x00000000ec080000,0x00000000ec380000)
 ParOldGen       total 68608K, used 38943K [0x00000000c0000000, 0x00000000c4300000, 0x00000000eab00000)
  object space 68608K, 56% used [0x00000000c0000000,0x00000000c2607f18,0x00000000c4300000)
 Metaspace       used 65117K, committed 66240K, reserved 1114112K
  class space    used 6925K, committed 7424K, reserved 1048576K
}

