# JRE version: OpenJDK Runtime Environment Temurin-17.0.10+7 (17.0.10+7) (build 17.0.10+7)
# Java VM: OpenJDK 64-Bit Server VM Temurin-17.0.10+7 (17.0.10+7, mixed mode, tiered, compressed oops, compressed class ptrs, parallel gc, windows-amd64)
GC Precious Log:
 CPUs: 8 total, 8 available
 Memory: 7975M
 Large Page Support: Disabled
 NUMA Support: Disabled
 Compressed Oops: Enabled (32-bit)
 Alignments: Space 512K, Generation 512K, Heap 2M
 Heap Min Capacity: 100M
 Heap Initial Capacity: 100M
 Heap Max Capacity: 1G
 Pre-touch: Disabled
 Parallel Workers: 8
Heap:
 PSYoungGen      total 23552K, used 12004K [0x00000000eab00000, 0x00000000ec480000, 0x0000000100000000)
  eden space 21504K, 47% used [0x00000000eab00000,0x00000000eb5081c0,0x00000000ec000000)
  from space 2048K, 84% used [0x00000000ec280000,0x00000000ec430ed0,0x00000000ec480000)
  to   space 2048K, 0% used [0x00000000ec080000,0x00000000ec080000,0x00000000ec280000)
 ParOldGen       total 68608K, used 36222K [0x00000000c0000000, 0x00000000c4300000, 0x00000000eab00000)
  object space 68608K, 52% used [0x00000000c0000000,0x00000000c235fab0,0x00000000c4300000)
 Metaspace       used 63762K, committed 64896K, reserved 1114112K
  class space    used 6812K, committed 7232K, reserved 1048576K
GC Heap History (20 events):
Event: 4.426 GC heap before
{Heap before GC invocations=24 (full 2):
 PSYoungGen      total 24064K, used 23840K [0x00000000eab00000, 0x00000000ec500000, 0x0000000100000000)
  eden space 21504K, 100% used [0x00000000eab00000,0x00000000ec000000,0x00000000ec000000)
  from space 2560K, 91% used [0x00000000ec000000,0x00000000ec248010,0x00000000ec280000)
  to   space 2560K, 0% used [0x00000000ec280000,0x00000000ec280000,0x00000000ec500000)
 ParOldGen       total 68608K, used 29416K [0x00000000c0000000, 0x00000000c4300000, 0x00000000eab00000)
  object space 68608K, 42% used [0x00000000c0000000,0x00000000c1cba180,0x00000000c4300000)
 Metaspace       used 51408K, committed 52352K, reserved 1114112K
  class space    used 5591K, committed 6016K, reserved 1048576K
}
Event: 4.429 GC heap after
{Heap after GC invocations=24 (full 2):
 PSYoungGen      total 24064K, used 1888K [0x00000000eab00000, 0x00000000ec500000, 0x0000000100000000)
  eden space 21504K, 0% used [0x00000000eab00000,0x00000000eab00000,0x00000000ec000000)
  from space 2560K, 73% used [0x00000000ec280000,0x00000000ec458000,0x00000000ec500000)
  to   space 2560K, 0% used [0x00000000ec000000,0x00000000ec000000,0x00000000ec280000)
 ParOldGen       total 68608K, used 31592K [0x00000000c0000000, 0x00000000c4300000, 0x00000000eab00000)
  object space 68608K, 46% used [0x00000000c0000000,0x00000000c1eda190,0x00000000c4300000)
 Metaspace       used 51408K, committed 52352K, reserved 1114112K
  class space    used 5591K, committed 6016K, reserved 1048576K
}
Event: 4.705 GC heap before
{Heap before GC invocations=25 (full 2):
 PSYoungGen      total 24064K, used 23392K [0x00000000eab00000, 0x00000000ec500000, 0x0000000100000000)
  eden space 21504K, 100% used [0x00000000eab00000,0x00000000ec000000,0x00000000ec000000)
  from space 2560K, 73% used [0x00000000ec280000,0x00000000ec458000,0x00000000ec500000)
  to   space 2560K, 0% used [0x00000000ec000000,0x00000000ec000000,0x00000000ec280000)
 ParOldGen       total 68608K, used 31592K [0x00000000c0000000, 0x00000000c4300000, 0x00000000eab00000)
  object space 68608K, 46% used [0x00000000c0000000,0x00000000c1eda190,0x00000000c4300000)
 Metaspace       used 52297K, committed 53248K, reserved 1114112K
  class space    used 5658K, committed 6080K, reserved 1048576K
}
Event: 4.707 GC heap after
{Heap after GC invocations=25 (full 2):
 PSYoungGen      total 23552K, used 1867K [0x00000000eab00000, 0x00000000ec400000, 0x0000000100000000)
  eden space 21504K, 0% used [0x00000000eab00000,0x00000000eab00000,0x00000000ec000000)
  from space 2048K, 91% used [0x00000000ec000000,0x00000000ec1d2ca0,0x00000000ec200000)
  to   space 2048K, 0% used [0x00000000ec200000,0x00000000ec200000,0x00000000ec400000)
 ParOldGen       total 68608K, used 33363K [0x00000000c0000000, 0x00000000c4300000, 0x00000000eab00000)
  object space 68608K, 48% used [0x00000000c0000000,0x00000000c2094d68,0x00000000c4300000)
 Metaspace       used 52297K, committed 53248K, reserved 1114112K
  class space    used 5658K, committed 6080K, reserved 1048576K
}
Event: 4.899 GC heap before
{Heap before GC invocations=26 (full 2):
 PSYoungGen      total 23552K, used 23371K [0x00000000eab00000, 0x00000000ec400000, 0x0000000100000000)
  eden space 21504K, 100% used [0x00000000eab00000,0x00000000ec000000,0x00000000ec000000)
  from space 2048K, 91% used [0x00000000ec000000,0x00000000ec1d2ca0,0x00000000ec200000)
  to   space 2048K, 0% used [0x00000000ec200000,0x00000000ec200000,0x00000000ec400000)
 ParOldGen       total 68608K, used 33363K [0x00000000c0000000, 0x00000000c4300000, 0x00000000eab00000)
  object space 68608K, 48% used [0x00000000c0000000,0x00000000c2094d68,0x00000000c4300000)
 Metaspace       used 54082K, committed 55040K, reserved 1114112K
  class space    used 5886K, committed 6336K, reserved 1048576K
}
Event: 4.900 GC heap after
{Heap after GC invocations=26 (full 2):
 PSYoungGen      total 22528K, used 669K [0x00000000eab00000, 0x00000000ec300000, 0x0000000100000000)
  eden space 21504K, 0% used [0x00000000eab00000,0x00000000eab00000,0x00000000ec000000)
  from space 1024K, 65% used [0x00000000ec200000,0x00000000ec2a7470,0x00000000ec300000)
  to   space 1536K, 0% used [0x00000000ec000000,0x00000000ec000000,0x00000000ec180000)
 ParOldGen       total 68608K, used 34727K [0x00000000c0000000, 0x00000000c4300000, 0x00000000eab00000)
  object space 68608K, 50% used [0x00000000c0000000,0x00000000c21e9fe0,0x00000000c4300000)
 Metaspace       used 54082K, committed 55040K, reserved 1114112K
  class space    used 5886K, committed 6336K, reserved 1048576K
}
Event: 5.117 GC heap before
{Heap before GC invocations=27 (full 2):
 PSYoungGen      total 22528K, used 22173K [0x00000000eab00000, 0x00000000ec300000, 0x0000000100000000)
  eden space 21504K, 100% used [0x00000000eab00000,0x00000000ec000000,0x00000000ec000000)
  from space 1024K, 65% used [0x00000000ec200000,0x00000000ec2a7470,0x00000000ec300000)
  to   space 1536K, 0% used [0x00000000ec000000,0x00000000ec000000,0x00000000ec180000)
 ParOldGen       total 68608K, used 34727K [0x00000000c0000000, 0x00000000c4300000, 0x00000000eab00000)
  object space 68608K, 50% used [0x00000000c0000000,0x00000000c21e9fe0,0x00000000c4300000)
 Metaspace       used 55443K, committed 56448K, reserved 1114112K
  class space    used 6012K, committed 6464K, reserved 1048576K
}
Event: 5.118 GC heap after
{Heap after GC invocations=27 (full 2):
 PSYoungGen      total 23040K, used 448K [0x00000000eab00000, 0x00000000ec280000, 0x0000000100000000)
  eden space 21504K, 0% used [0x00000000eab00000,0x00000000eab00000,0x00000000ec000000)
  from space 1536K, 29% used [0x00000000ec000000,0x00000000ec070000,0x00000000ec180000)
  to   space 1024K, 0% used [0x00000000ec180000,0x00000000ec180000,0x00000000ec280000)
 ParOldGen       total 68608K, used 35352K [0x00000000c0000000, 0x00000000c4300000, 0x00000000eab00000)
  object space 68608K, 51% used [0x00000000c0000000,0x00000000c22863c8,0x00000000c4300000)
 Metaspace       used 55443K, committed 56448K, reserved 1114112K
  class space    used 6012K, committed 6464K, reserved 1048576K
}
Event: 5.171 GC heap before
{Heap before GC invocations=28 (full 2):
 PSYoungGen      total 23040K, used 21952K [0x00000000eab00000, 0x00000000ec280000, 0x0000000100000000)
  eden space 21504K, 100% used [0x00000000eab00000,0x00000000ec000000,0x00000000ec000000)
  from space 1536K, 29% used [0x00000000ec000000,0x00000000ec070000,0x00000000ec180000)
  to   space 1024K, 0% used [0x00000000ec180000,0x00000000ec180000,0x00000000ec280000)
 ParOldGen       total 68608K, used 35352K [0x00000000c0000000, 0x00000000c4300000, 0x00000000eab00000)
  object space 68608K, 51% used [0x00000000c0000000,0x00000000c22863c8,0x00000000c4300000)
 Metaspace       used 55629K, committed 56640K, reserved 1114112K
  class space    used 6024K, committed 6464K, reserved 1048576K
}
Event: 5.171 GC heap after
{Heap after GC invocations=28 (full 2):
 PSYoungGen      total 22528K, used 895K [0x00000000eab00000, 0x00000000ec280000, 0x0000000100000000)
  eden space 21504K, 0% used [0x00000000eab00000,0x00000000eab00000,0x00000000ec000000)
  from space 1024K, 87% used [0x00000000ec180000,0x00000000ec25ff68,0x00000000ec280000)
  to   space 1024K, 0% used [0x00000000ec080000,0x00000000ec080000,0x00000000ec180000)
 ParOldGen       total 68608K, used 35862K [0x00000000c0000000, 0x00000000c4300000, 0x00000000eab00000)
  object space 68608K, 52% used [0x00000000c0000000,0x00000000c2305900,0x00000000c4300000)
 Metaspace       used 55629K, committed 56640K, reserved 1114112K
  class space    used 6024K, committed 6464K, reserved 1048576K
}
Event: 5.283 GC heap before
{Heap before GC invocations=29 (full 2):
 PSYoungGen      total 22528K, used 22399K [0x00000000eab00000, 0x00000000ec280000, 0x0000000100000000)
  eden space 21504K, 100% used [0x00000000eab00000,0x00000000ec000000,0x00000000ec000000)
  from space 1024K, 87% used [0x00000000ec180000,0x00000000ec25ff68,0x00000000ec280000)
  to   space 1024K, 0% used [0x00000000ec080000,0x00000000ec080000,0x00000000ec180000)
 ParOldGen       total 68608K, used 35862K [0x00000000c0000000, 0x00000000c4300000, 0x00000000eab00000)
  object space 68608K, 52% used [0x00000000c0000000,0x00000000c2305900,0x00000000c4300000)
 Metaspace       used 56894K, committed 57920K, reserved 1114112K
  class space    used 6144K, committed 6592K, reserved 1048576K
}
Event: 5.284 GC heap after
{Heap after GC invocations=29 (full 2):
 PSYoungGen      total 22016K, used 352K [0x00000000eab00000, 0x00000000ec200000, 0x0000000100000000)
  eden space 21504K, 0% used [0x00000000eab00000,0x00000000eab00000,0x00000000ec000000)
  from space 512K, 68% used [0x00000000ec080000,0x00000000ec0d8000,0x00000000ec100000)
  to   space 1024K, 0% used [0x00000000ec100000,0x00000000ec100000,0x00000000ec200000)
 ParOldGen       total 68608K, used 35926K [0x00000000c0000000, 0x00000000c4300000, 0x00000000eab00000)
  object space 68608K, 52% used [0x00000000c0000000,0x00000000c2315900,0x00000000c4300000)
 Metaspace       used 56894K, committed 57920K, reserved 1114112K
  class space    used 6144K, committed 6592K, reserved 1048576K
}
Event: 5.461 GC heap before
{Heap before GC invocations=30 (full 2):
 PSYoungGen      total 22016K, used 16512K [0x00000000eab00000, 0x00000000ec200000, 0x0000000100000000)
  eden space 21504K, 75% used [0x00000000eab00000,0x00000000ebac82d8,0x00000000ec000000)
  from space 512K, 68% used [0x00000000ec080000,0x00000000ec0d8000,0x00000000ec100000)
  to   space 1024K, 0% used [0x00000000ec100000,0x00000000ec100000,0x00000000ec200000)
 ParOldGen       total 68608K, used 35926K [0x00000000c0000000, 0x00000000c4300000, 0x00000000eab00000)
  object space 68608K, 52% used [0x00000000c0000000,0x00000000c2315900,0x00000000c4300000)
 Metaspace       used 58818K, committed 59776K, reserved 1114112K
  class space    used 6325K, committed 6720K, reserved 1048576K
}
Event: 5.462 GC heap after
{Heap after GC invocations=30 (full 2):
 PSYoungGen      total 22528K, used 672K [0x00000000eab00000, 0x00000000ec200000, 0x0000000100000000)
  eden space 21504K, 0% used [0x00000000eab00000,0x00000000eab00000,0x00000000ec000000)
  from space 1024K, 65% used [0x00000000ec100000,0x00000000ec1a8030,0x00000000ec200000)
  to   space 1024K, 0% used [0x00000000ec000000,0x00000000ec000000,0x00000000ec100000)
 ParOldGen       total 68608K, used 36102K [0x00000000c0000000, 0x00000000c4300000, 0x00000000eab00000)
  object space 68608K, 52% used [0x00000000c0000000,0x00000000c2341900,0x00000000c4300000)
 Metaspace       used 58818K, committed 59776K, reserved 1114112K
  class space    used 6325K, committed 6720K, reserved 1048576K
}
Event: 5.462 GC heap before
{Heap before GC invocations=31 (full 3):
 PSYoungGen      total 22528K, used 672K [0x00000000eab00000, 0x00000000ec200000, 0x0000000100000000)
  eden space 21504K, 0% used [0x00000000eab00000,0x00000000eab00000,0x00000000ec000000)
  from space 1024K, 65% used [0x00000000ec100000,0x00000000ec1a8030,0x00000000ec200000)
  to   space 1024K, 0% used [0x00000000ec000000,0x00000000ec000000,0x00000000ec100000)
 ParOldGen       total 68608K, used 36102K [0x00000000c0000000, 0x00000000c4300000, 0x00000000eab00000)
  object space 68608K, 52% used [0x00000000c0000000,0x00000000c2341900,0x00000000c4300000)
 Metaspace       used 58818K, committed 59776K, reserved 1114112K
  class space    used 6325K, committed 6720K, reserved 1048576K
}
Event: 5.504 GC heap after
{Heap after GC invocations=31 (full 3):
 PSYoungGen      total 22528K, used 0K [0x00000000eab00000, 0x00000000ec200000, 0x0000000100000000)
  eden space 21504K, 0% used [0x00000000eab00000,0x00000000eab00000,0x00000000ec000000)
  from space 1024K, 0% used [0x00000000ec100000,0x00000000ec100000,0x00000000ec200000)
  to   space 1024K, 0% used [0x00000000ec000000,0x00000000ec000000,0x00000000ec100000)
 ParOldGen       total 68608K, used 34247K [0x00000000c0000000, 0x00000000c4300000, 0x00000000eab00000)
  object space 68608K, 49% used [0x00000000c0000000,0x00000000c2171d58,0x00000000c4300000)
 Metaspace       used 58818K, committed 59776K, reserved 1114112K
  class space    used 6325K, committed 6720K, reserved 1048576K
}
Event: 5.806 GC heap before
{Heap before GC invocations=32 (full 3):
 PSYoungGen      total 22528K, used 21454K [0x00000000eab00000, 0x00000000ec200000, 0x0000000100000000)
  eden space 21504K, 99% used [0x00000000eab00000,0x00000000ebff3b38,0x00000000ec000000)
  from space 1024K, 0% used [0x00000000ec100000,0x00000000ec100000,0x00000000ec200000)
  to   space 1024K, 0% used [0x00000000ec000000,0x00000000ec000000,0x00000000ec100000)
 ParOldGen       total 68608K, used 34247K [0x00000000c0000000, 0x00000000c4300000, 0x00000000eab00000)
  object space 68608K, 49% used [0x00000000c0000000,0x00000000c2171d58,0x00000000c4300000)
 Metaspace       used 61724K, committed 62720K, reserved 1114112K
  class space    used 6618K, committed 7040K, reserved 1048576K
}
Event: 5.807 GC heap after
{Heap after GC invocations=32 (full 3):
 PSYoungGen      total 22528K, used 1007K [0x00000000eab00000, 0x00000000ec500000, 0x0000000100000000)
  eden space 21504K, 0% used [0x00000000eab00000,0x00000000eab00000,0x00000000ec000000)
  from space 1024K, 98% used [0x00000000ec000000,0x00000000ec0fbe08,0x00000000ec100000)
  to   space 2560K, 0% used [0x00000000ec280000,0x00000000ec280000,0x00000000ec500000)
 ParOldGen       total 68608K, used 35307K [0x00000000c0000000, 0x00000000c4300000, 0x00000000eab00000)
  object space 68608K, 51% used [0x00000000c0000000,0x00000000c227ad70,0x00000000c4300000)
 Metaspace       used 61724K, committed 62720K, reserved 1114112K
  class space    used 6618K, committed 7040K, reserved 1048576K
}
Event: 5.985 GC heap before
{Heap before GC invocations=33 (full 3):
 PSYoungGen      total 22528K, used 22511K [0x00000000eab00000, 0x00000000ec500000, 0x0000000100000000)
  eden space 21504K, 100% used [0x00000000eab00000,0x00000000ec000000,0x00000000ec000000)
  from space 1024K, 98% used [0x00000000ec000000,0x00000000ec0fbe08,0x00000000ec100000)
  to   space 2560K, 0% used [0x00000000ec280000,0x00000000ec280000,0x00000000ec500000)
 ParOldGen       total 68608K, used 35307K [0x00000000c0000000, 0x00000000c4300000, 0x00000000eab00000)
  object space 68608K, 51% used [0x00000000c0000000,0x00000000c227ad70,0x00000000c4300000)
 Metaspace       used 63529K, committed 64640K, reserved 1114112K
  class space    used 6797K, committed 7232K, reserved 1048576K
}
Event: 5.988 GC heap after
{Heap after GC invocations=33 (full 3):
 PSYoungGen      total 23552K, used 1731K [0x00000000eab00000, 0x00000000ec480000, 0x0000000100000000)
  eden space 21504K, 0% used [0x00000000eab00000,0x00000000eab00000,0x00000000ec000000)
  from space 2048K, 84% used [0x00000000ec280000,0x00000000ec430ed0,0x00000000ec480000)
  to   space 2048K, 0% used [0x00000000ec080000,0x00000000ec080000,0x00000000ec280000)
 ParOldGen       total 68608K, used 36222K [0x00000000c0000000, 0x00000000c4300000, 0x00000000eab00000)
  object space 68608K, 52% used [0x00000000c0000000,0x00000000c235fab0,0x00000000c4300000)
 Metaspace       used 63529K, committed 64640K, reserved 1114112K
  class space    used 6797K, committed 7232K, reserved 1048576K
}

